f:\software\windows\uap\yueba\webplib\x64\debug\pch.pch
f:\software\windows\uap\yueba\webplib\x64\debug\vc140.pdb
f:\software\windows\uap\yueba\webplib\x64\debug\vc140.idb
f:\software\windows\uap\yueba\webplib\x64\debug\pch.obj
f:\software\windows\uap\yueba\webplib\x64\debug\dec\frame.obj
f:\software\windows\uap\yueba\webplib\x64\debug\dec\vp8.obj
f:\software\windows\uap\yueba\webplib\x64\debug\dec\idec.obj
f:\software\windows\uap\yueba\webplib\x64\debug\dec\quant.obj
f:\software\windows\uap\yueba\webplib\x64\debug\dec\vp8l.obj
f:\software\windows\uap\yueba\webplib\x64\debug\dec\buffer.obj
f:\software\windows\uap\yueba\webplib\x64\debug\dec\io.obj
f:\software\windows\uap\yueba\webplib\x64\debug\dec\alpha.obj
f:\software\windows\uap\yueba\webplib\x64\debug\dec\tree.obj
f:\software\windows\uap\yueba\webplib\x64\debug\dec\webp.obj
f:\software\windows\uap\yueba\webplib\x64\debug\demux\demux.obj
f:\software\windows\uap\yueba\webplib\x64\debug\dsp\alpha_processing.obj
f:\software\windows\uap\yueba\webplib\x64\debug\dsp\dec_clip_tables.obj
f:\software\windows\uap\yueba\webplib\x64\debug\dsp\enc_neon.obj
f:\software\windows\uap\yueba\webplib\x64\debug\dsp\lossless_neon.obj
f:\software\windows\uap\yueba\webplib\x64\debug\dsp\upsampling_sse2.obj
f:\software\windows\uap\yueba\webplib\x64\debug\dsp\cpu.obj
f:\software\windows\uap\yueba\webplib\x64\debug\dsp\dec_sse2.obj
f:\software\windows\uap\yueba\webplib\x64\debug\dsp\enc_mips32.obj
f:\software\windows\uap\yueba\webplib\x64\debug\dsp\lossless_mips32.obj
f:\software\windows\uap\yueba\webplib\x64\debug\dsp\upsampling_neon.obj
f:\software\windows\uap\yueba\webplib\x64\debug\dsp\yuv_sse2.obj
f:\software\windows\uap\yueba\webplib\x64\debug\dsp\dec.obj
f:\software\windows\uap\yueba\webplib\x64\debug\dsp\dec_neon.obj
f:\software\windows\uap\yueba\webplib\x64\debug\dsp\enc.obj
f:\software\windows\uap\yueba\webplib\x64\debug\dsp\lossless.obj
f:\software\windows\uap\yueba\webplib\x64\debug\dsp\upsampling.obj
f:\software\windows\uap\yueba\webplib\x64\debug\dsp\yuv_mips32.obj
f:\software\windows\uap\yueba\webplib\x64\debug\dsp\alpha_processing_sse2.obj
f:\software\windows\uap\yueba\webplib\x64\debug\dsp\dec_mips32.obj
f:\software\windows\uap\yueba\webplib\x64\debug\dsp\enc_avx2.obj
f:\software\windows\uap\yueba\webplib\x64\debug\dsp\enc_sse2.obj
f:\software\windows\uap\yueba\webplib\x64\debug\dsp\lossless_sse2.obj
f:\software\windows\uap\yueba\webplib\x64\debug\dsp\yuv.obj
f:\software\windows\uap\yueba\webplib\x64\debug\enc\config.obj
f:\software\windows\uap\yueba\webplib\x64\debug\enc\cost.obj
f:\software\windows\uap\yueba\webplib\x64\debug\enc\picture.obj
f:\software\windows\uap\yueba\webplib\x64\debug\enc\picture_tools.obj
f:\software\windows\uap\yueba\webplib\x64\debug\enc\tree.obj
f:\software\windows\uap\yueba\webplib\x64\debug\enc\alpha.obj
f:\software\windows\uap\yueba\webplib\x64\debug\enc\frame.obj
f:\software\windows\uap\yueba\webplib\x64\debug\enc\picture_csp.obj
f:\software\windows\uap\yueba\webplib\x64\debug\enc\quant.obj
f:\software\windows\uap\yueba\webplib\x64\debug\enc\webpenc.obj
f:\software\windows\uap\yueba\webplib\x64\debug\enc\backward_references.obj
f:\software\windows\uap\yueba\webplib\x64\debug\enc\histogram.obj
f:\software\windows\uap\yueba\webplib\x64\debug\enc\picture_psnr.obj
f:\software\windows\uap\yueba\webplib\x64\debug\enc\syntax.obj
f:\software\windows\uap\yueba\webplib\x64\debug\enc\vp8l.obj
f:\software\windows\uap\yueba\webplib\x64\debug\enc\analysis.obj
f:\software\windows\uap\yueba\webplib\x64\debug\enc\filter.obj
f:\software\windows\uap\yueba\webplib\x64\debug\enc\iterator.obj
f:\software\windows\uap\yueba\webplib\x64\debug\enc\picture_rescale.obj
f:\software\windows\uap\yueba\webplib\x64\debug\enc\token.obj
f:\software\windows\uap\yueba\webplib\x64\debug\mux\muxedit.obj
f:\software\windows\uap\yueba\webplib\x64\debug\mux\muxread.obj
f:\software\windows\uap\yueba\webplib\x64\debug\mux\muxinternal.obj
f:\software\windows\uap\yueba\webplib\x64\debug\utils\filters.obj
f:\software\windows\uap\yueba\webplib\x64\debug\utils\quant_levels_dec.obj
f:\software\windows\uap\yueba\webplib\x64\debug\utils\rescaler.obj
f:\software\windows\uap\yueba\webplib\x64\debug\utils\bit_reader.obj
f:\software\windows\uap\yueba\webplib\x64\debug\utils\huffman_encode.obj
f:\software\windows\uap\yueba\webplib\x64\debug\utils\thread.obj
f:\software\windows\uap\yueba\webplib\x64\debug\utils\color_cache.obj
f:\software\windows\uap\yueba\webplib\x64\debug\utils\huffman.obj
f:\software\windows\uap\yueba\webplib\x64\debug\utils\utils.obj
f:\software\windows\uap\yueba\webplib\x64\debug\utils\bit_writer.obj
f:\software\windows\uap\yueba\webplib\x64\debug\utils\quant_levels.obj
f:\software\windows\uap\yueba\webplib\x64\debug\utils\random.obj
f:\software\windows\uap\yueba\webplib\x64\debug\webpcomponent.obj
f:\software\windows\uap\yueba\x64\debug\webplib\webplib.ilk
f:\software\windows\uap\yueba\x64\debug\webplib\webplib.dll
f:\software\windows\uap\yueba\x64\debug\webplib\webplib.winmd
f:\software\windows\uap\yueba\x64\debug\webplib\webplib.pdb
f:\software\windows\uap\yueba\x64\debug\webplib\webplib.lib
f:\software\windows\uap\yueba\x64\debug\webplib\webplib.exp
f:\software\windows\uap\yueba\webplib\x64\debug\webplib.vcxprojresolveassemblyreference.cache
f:\software\windows\uap\yueba\webplib\x64\debug\priconfig.xml
f:\software\windows\uap\yueba\webplib\x64\debug\priconfig.xml.intermediate
f:\software\windows\uap\yueba\webplib\x64\debug\layout.resfiles
f:\software\windows\uap\yueba\webplib\x64\debug\layout.resfiles.intermediate
f:\software\windows\uap\yueba\webplib\x64\debug\resources.resfiles
f:\software\windows\uap\yueba\webplib\x64\debug\resources.resfiles.intermediate
f:\software\windows\uap\yueba\webplib\x64\debug\pri.resfiles
f:\software\windows\uap\yueba\webplib\x64\debug\pri.resfiles.intermediate
f:\software\windows\uap\yueba\x64\debug\webplib\webplib.pri
f:\software\windows\uap\yueba\webplib\x64\debug\qualifiers.txt
f:\software\windows\uap\yueba\webplib\x64\debug\qualifiers.txt.intermediate
f:\software\windows\uap\yueba\webplib\x64\debug\multiplequalifiersperdimensionfound.txt
f:\software\windows\uap\yueba\webplib\x64\debug\embed.resfiles
f:\software\windows\uap\yueba\webplib\x64\debug\webplib.tlog\cl.command.1.tlog
f:\software\windows\uap\yueba\webplib\x64\debug\webplib.tlog\cl.read.1.tlog
f:\software\windows\uap\yueba\webplib\x64\debug\webplib.tlog\cl.write.1.tlog
f:\software\windows\uap\yueba\webplib\x64\debug\webplib.tlog\link.command.1.tlog
f:\software\windows\uap\yueba\webplib\x64\debug\webplib.tlog\link.read.1.tlog
f:\software\windows\uap\yueba\webplib\x64\debug\webplib.tlog\link.write.1.tlog
f:\software\windows\uap\yueba\webplib\x64\debug\webplib.tlog\webplib.read.1u.tlog
f:\software\windows\uap\yueba\webplib\x64\debug\webplib.tlog\webplib.write.1u.tlog
